#
# There is insufficient memory for the Java Runtime Environment to continue.
# Native memory allocation (malloc) failed to allocate 32744 bytes for ChunkPool::allocate
# Possible reasons:
#   The system is out of physical RAM or swap space
#   The process is running with CompressedOops enabled, and the Java Heap may be blocking the growth of the native heap
# Possible solutions:
#   Reduce memory load on the system
#   Increase physical memory or swap space
#   Check if swap backing store is full
#   Decrease Java heap size (-Xmx/-Xms)
#   Decrease number of Java threads
#   Decrease Java thread stack sizes (-Xss)
#   Set larger code cache with -XX:ReservedCodeCacheSize=
#   JVM is running with Unscaled Compressed Oops mode in which the Java heap is
#     placed in the first 4GB address space. The Java Heap base address is the
#     maximum limit for the native heap growth. Please use -XX:HeapBaseMinAddress
#     to set the Java Heap base and to place the Java Heap above 4GB virtual address.
# This output file may be truncated or incomplete.
#
#  Out of Memory Error (arena.cpp:78), pid=15040, tid=3352
#
# JRE version: OpenJDK Runtime Environment Temurin-17.0.1+12 (17.0.1+12) (build 17.0.1+12)
# Java VM: OpenJDK 64-Bit Server VM Temurin-17.0.1+12 (17.0.1+12, mixed mode, emulated-client, tiered, compressed oops, compressed class ptrs, g1 gc, windows-amd64)
# No core dump will be written. Minidumps are not enabled by default on client versions of Windows
#

---------------  S U M M A R Y ------------

Command Line: -Dcom.sun.management.jmxremote -Dcom.sun.management.jmxremote.port=51657 -Dcom.sun.management.jmxremote.authenticate=false -Dcom.sun.management.jmxremote.ssl=false -Djava.rmi.server.hostname=localhost -Dspring.jmx.enabled=true -Dspring.application.admin.enabled=true -XX:TieredStopAtLevel=1 -Dspring.boot.project.name=CMSPROJECT-BackEnd -Dfile.encoding=UTF-8 -XX:+ShowCodeDetailsInExceptionMessages com.ServerConfig.CmsProjectApplication --spring.output.ansi.enabled=always

Host: Intel(R) Core(TM) i7-8565U CPU @ 1.80GHz, 8 cores, 7G,  Windows 10 , 64 bit Build 19041 (10.0.19041.3031)
Time: Wed Jun 28 22:24:14 2023 Morocco Daylight Time elapsed time: 0.714879 seconds (0d 0h 0m 0s)

---------------  T H R E A D  ---------------

Current thread (0x0000023e68576720):  JavaThread "C1 CompilerThread1" daemon [_thread_in_native, id=3352, stack(0x000000d4b6300000,0x000000d4b6400000)]


Current CompileTask:
C1:    714  995       1       java.net.URLStreamHandler::parseURL (1201 bytes)

Stack: [0x000000d4b6300000,0x000000d4b6400000]
Native frames: (J=compiled Java code, j=interpreted, Vv=VM code, C=native code)
V  [jvm.dll+0x6744da]
V  [jvm.dll+0x82e144]
V  [jvm.dll+0x82f8ee]
V  [jvm.dll+0x82ff53]
V  [jvm.dll+0x245175]
V  [jvm.dll+0xabaa0]
V  [jvm.dll+0xabdec]
V  [jvm.dll+0x17d823]
V  [jvm.dll+0x179fc7]
V  [jvm.dll+0x1342b3]
V  [jvm.dll+0x133baf]
V  [jvm.dll+0x133de6]
V  [jvm.dll+0x13327a]
V  [jvm.dll+0x134f41]
V  [jvm.dll+0x226e38]
V  [jvm.dll+0x224f7c]
V  [jvm.dll+0x7e3f5b]
V  [jvm.dll+0x7de51a]
V  [jvm.dll+0x673305]
C  [ucrtbase.dll+0x21bb2]
C  [KERNEL32.DLL+0x17614]
C  [ntdll.dll+0x526f1]


---------------  P R O C E S S  ---------------

Threads class SMR info:
_java_thread_list=0x0000023e68c706e0, length=19, elements={
0x0000023e59b7c7a0, 0x0000023e6793c020, 0x0000023e6793dbb0, 0x0000023e6790dbf0,
0x0000023e6790e4b0, 0x0000023e6790ed70, 0x0000023e6790f630, 0x0000023e67950a30,
0x0000023e67952f50, 0x0000023e684f2020, 0x0000023e68576720, 0x0000023e6858f040,
0x0000023e68614300, 0x0000023e68b8f0d0, 0x0000023e68b959f0, 0x0000023e68b95ec0,
0x0000023e68ca6040, 0x0000023e68cd27e0, 0x0000023e68cd2cb0
}

Java Threads: ( => current thread )
  0x0000023e59b7c7a0 JavaThread "main" [_thread_in_vm, id=7044, stack(0x000000d4b5300000,0x000000d4b5400000)]
  0x0000023e6793c020 JavaThread "Reference Handler" daemon [_thread_blocked, id=6900, stack(0x000000d4b5a00000,0x000000d4b5b00000)]
  0x0000023e6793dbb0 JavaThread "Finalizer" daemon [_thread_blocked, id=4780, stack(0x000000d4b5b00000,0x000000d4b5c00000)]
  0x0000023e6790dbf0 JavaThread "Signal Dispatcher" daemon [_thread_blocked, id=5488, stack(0x000000d4b5c00000,0x000000d4b5d00000)]
  0x0000023e6790e4b0 JavaThread "Attach Listener" daemon [_thread_blocked, id=3464, stack(0x000000d4b5d00000,0x000000d4b5e00000)]
  0x0000023e6790ed70 JavaThread "Service Thread" daemon [_thread_blocked, id=5812, stack(0x000000d4b5e00000,0x000000d4b5f00000)]
  0x0000023e6790f630 JavaThread "Monitor Deflation Thread" daemon [_thread_blocked, id=8468, stack(0x000000d4b5f00000,0x000000d4b6000000)]
  0x0000023e67950a30 JavaThread "C1 CompilerThread0" daemon [_thread_blocked, id=8356, stack(0x000000d4b6000000,0x000000d4b6100000)]
  0x0000023e67952f50 JavaThread "Sweeper thread" daemon [_thread_blocked, id=15956, stack(0x000000d4b6100000,0x000000d4b6200000)]
  0x0000023e684f2020 JavaThread "Common-Cleaner" daemon [_thread_blocked, id=1496, stack(0x000000d4b6200000,0x000000d4b6300000)]
=>0x0000023e68576720 JavaThread "C1 CompilerThread1" daemon [_thread_in_native, id=3352, stack(0x000000d4b6300000,0x000000d4b6400000)]
  0x0000023e6858f040 JavaThread "C1 CompilerThread2" daemon [_thread_in_native, id=4968, stack(0x000000d4b6400000,0x000000d4b6500000)]
  0x0000023e68614300 JavaThread "Notification Thread" daemon [_thread_blocked, id=15504, stack(0x000000d4b6500000,0x000000d4b6600000)]
  0x0000023e68b8f0d0 JavaThread "RMI TCP Accept-0" daemon [_thread_in_native, id=8928, stack(0x000000d4b6600000,0x000000d4b6700000)]
  0x0000023e68b959f0 JavaThread "RMI TCP Accept-51657" daemon [_thread_in_native, id=14444, stack(0x000000d4b6700000,0x000000d4b6800000)]
  0x0000023e68b95ec0 JavaThread "RMI TCP Accept-0" daemon [_thread_in_native, id=14624, stack(0x000000d4b6800000,0x000000d4b6900000)]
  0x0000023e68ca6040 JavaThread "RMI TCP Connection(1)-127.0.0.1" daemon [_thread_in_native, id=6468, stack(0x000000d4b6a00000,0x000000d4b6b00000)]
  0x0000023e68cd27e0 JavaThread "RMI Scheduler(0)" daemon [_thread_blocked, id=17232, stack(0x000000d4b6b00000,0x000000d4b6c00000)]
  0x0000023e68cd2cb0 JavaThread "RMI TCP Connection(2)-127.0.0.1" daemon [_thread_in_vm, id=12708, stack(0x000000d4b6c00000,0x000000d4b6d00000)]

Other Threads:
  0x0000023e67926070 VMThread "VM Thread" [stack: 0x000000d4b5900000,0x000000d4b5a00000] [id=6068]
  0x0000023e59bd9b60 WatcherThread [stack: 0x000000d4b6900000,0x000000d4b6a00000] [id=6544]
  0x0000023e59bbdcc0 GCTaskThread "GC Thread#0" [stack: 0x000000d4b5400000,0x000000d4b5500000] [id=14736]
  0x0000023e59bce690 ConcurrentGCThread "G1 Main Marker" [stack: 0x000000d4b5500000,0x000000d4b5600000] [id=9232]
  0x0000023e59bcf650 ConcurrentGCThread "G1 Conc#0" [stack: 0x000000d4b5600000,0x000000d4b5700000] [id=14900]
  0x0000023e67770090 ConcurrentGCThread "G1 Refine#0" [stack: 0x000000d4b5700000,0x000000d4b5800000] [id=12568]
  0x0000023e677708c0 ConcurrentGCThread "G1 Service" [stack: 0x000000d4b5800000,0x000000d4b5900000] [id=9152]

Threads with active compile tasks:
C1 CompilerThread1      730  995       1       java.net.URLStreamHandler::parseURL (1201 bytes)
C1 CompilerThread2      730 1022       1       java.io.DataInputStream::readUTF (501 bytes)

VM state: not at safepoint (normal execution)

VM Mutex/Monitor currently owned by a thread: None

Heap address: 0x0000000081c00000, size: 2020 MB, Compressed Oops mode: 32-bit

CDS archive(s) not mapped
Compressed class space mapped at: 0x0000000100000000-0x0000000140000000, reserved size: 1073741824
Narrow klass base: 0x0000000000000000, Narrow klass shift: 3, Narrow klass range: 0x140000000

GC Precious Log:
 CPUs: 8 total, 8 available
 Memory: 8078M
 Large Page Support: Disabled
 NUMA Support: Disabled
 Compressed Oops: Enabled (32-bit)
 Heap Region Size: 1M
 Heap Min Capacity: 8M
 Heap Initial Capacity: 128M
 Heap Max Capacity: 2020M
 Pre-touch: Disabled
 Parallel Workers: 8
 Concurrent Workers: 2
 Concurrent Refinement Workers: 8
 Periodic GC: Disabled

Heap:
 garbage-first heap   total 131072K, used 16384K [0x0000000081c00000, 0x0000000100000000)
  region size 1024K, 16 young (16384K), 0 survivors (0K)
 Metaspace       used 13611K, committed 13760K, reserved 1064960K
  class space    used 1396K, committed 1472K, reserved 1048576K

Heap Regions: E=young(eden), S=young(survivor), O=old, HS=humongous(starts), HC=humongous(continues), CS=collection set, F=free, OA=open archive, CA=closed archive, TAMS=top-at-mark-start (previous, next)
|   0|0x0000000081c00000, 0x0000000081d00000, 0x0000000081d00000|100%|HS|  |TAMS 0x0000000081c00000, 0x0000000081c00000| Complete 
|   1|0x0000000081d00000, 0x0000000081d00000, 0x0000000081e00000|  0%| F|  |TAMS 0x0000000081d00000, 0x0000000081d00000| Untracked 
|   2|0x0000000081e00000, 0x0000000081e00000, 0x0000000081f00000|  0%| F|  |TAMS 0x0000000081e00000, 0x0000000081e00000| Untracked 
|   3|0x0000000081f00000, 0x0000000081f00000, 0x0000000082000000|  0%| F|  |TAMS 0x0000000081f00000, 0x0000000081f00000| Untracked 
|   4|0x0000000082000000, 0x0000000082000000, 0x0000000082100000|  0%| F|  |TAMS 0x0000000082000000, 0x0000000082000000| Untracked 
|   5|0x0000000082100000, 0x0000000082100000, 0x0000000082200000|  0%| F|  |TAMS 0x0000000082100000, 0x0000000082100000| Untracked 
|   6|0x0000000082200000, 0x0000000082200000, 0x0000000082300000|  0%| F|  |TAMS 0x0000000082200000, 0x0000000082200000| Untracked 
|   7|0x0000000082300000, 0x0000000082300000, 0x0000000082400000|  0%| F|  |TAMS 0x0000000082300000, 0x0000000082300000| Untracked 
|   8|0x0000000082400000, 0x0000000082400000, 0x0000000082500000|  0%| F|  |TAMS 0x0000000082400000, 0x0000000082400000| Untracked 
|   9|0x0000000082500000, 0x0000000082500000, 0x0000000082600000|  0%| F|  |TAMS 0x0000000082500000, 0x0000000082500000| Untracked 
|  10|0x0000000082600000, 0x0000000082600000, 0x0000000082700000|  0%| F|  |TAMS 0x0000000082600000, 0x0000000082600000| Untracked 
|  11|0x0000000082700000, 0x0000000082700000, 0x0000000082800000|  0%| F|  |TAMS 0x0000000082700000, 0x0000000082700000| Untracked 
|  12|0x0000000082800000, 0x0000000082800000, 0x0000000082900000|  0%| F|  |TAMS 0x0000000082800000, 0x0000000082800000| Untracked 
|  13|0x0000000082900000, 0x0000000082900000, 0x0000000082a00000|  0%| F|  |TAMS 0x0000000082900000, 0x0000000082900000| Untracked 
|  14|0x0000000082a00000, 0x0000000082a00000, 0x0000000082b00000|  0%| F|  |TAMS 0x0000000082a00000, 0x0000000082a00000| Untracked 
|  15|0x0000000082b00000, 0x0000000082b00000, 0x0000000082c00000|  0%| F|  |TAMS 0x0000000082b00000, 0x0000000082b00000| Untracked 
|  16|0x0000000082c00000, 0x0000000082c00000, 0x0000000082d00000|  0%| F|  |TAMS 0x0000000082c00000, 0x0000000082c00000| Untracked 
|  17|0x0000000082d00000, 0x0000000082d00000, 0x0000000082e00000|  0%| F|  |TAMS 0x0000000082d00000, 0x0000000082d00000| Untracked 
|  18|0x0000000082e00000, 0x0000000082e00000, 0x0000000082f00000|  0%| F|  |TAMS 0x0000000082e00000, 0x0000000082e00000| Untracked 
|  19|0x0000000082f00000, 0x0000000082f00000, 0x0000000083000000|  0%| F|  |TAMS 0x0000000082f00000, 0x0000000082f00000| Untracked 
|  20|0x0000000083000000, 0x0000000083000000, 0x0000000083100000|  0%| F|  |TAMS 0x0000000083000000, 0x0000000083000000| Untracked 
|  21|0x0000000083100000, 0x0000000083100000, 0x0000000083200000|  0%| F|  |TAMS 0x0000000083100000, 0x0000000083100000| Untracked 
|  22|0x0000000083200000, 0x0000000083200000, 0x0000000083300000|  0%| F|  |TAMS 0x0000000083200000, 0x0000000083200000| Untracked 
|  23|0x0000000083300000, 0x0000000083300000, 0x0000000083400000|  0%| F|  |TAMS 0x0000000083300000, 0x0000000083300000| Untracked 
|  24|0x0000000083400000, 0x0000000083400000, 0x0000000083500000|  0%| F|  |TAMS 0x0000000083400000, 0x0000000083400000| Untracked 
|  25|0x0000000083500000, 0x0000000083500000, 0x0000000083600000|  0%| F|  |TAMS 0x0000000083500000, 0x0000000083500000| Untracked 
|  26|0x0000000083600000, 0x0000000083600000, 0x0000000083700000|  0%| F|  |TAMS 0x0000000083600000, 0x0000000083600000| Untracked 
|  27|0x0000000083700000, 0x0000000083700000, 0x0000000083800000|  0%| F|  |TAMS 0x0000000083700000, 0x0000000083700000| Untracked 
|  28|0x0000000083800000, 0x0000000083800000, 0x0000000083900000|  0%| F|  |TAMS 0x0000000083800000, 0x0000000083800000| Untracked 
|  29|0x0000000083900000, 0x0000000083900000, 0x0000000083a00000|  0%| F|  |TAMS 0x0000000083900000, 0x0000000083900000| Untracked 
|  30|0x0000000083a00000, 0x0000000083a00000, 0x0000000083b00000|  0%| F|  |TAMS 0x0000000083a00000, 0x0000000083a00000| Untracked 
|  31|0x0000000083b00000, 0x0000000083b00000, 0x0000000083c00000|  0%| F|  |TAMS 0x0000000083b00000, 0x0000000083b00000| Untracked 
|  32|0x0000000083c00000, 0x0000000083c00000, 0x0000000083d00000|  0%| F|  |TAMS 0x0000000083c00000, 0x0000000083c00000| Untracked 
|  33|0x0000000083d00000, 0x0000000083d00000, 0x0000000083e00000|  0%| F|  |TAMS 0x0000000083d00000, 0x0000000083d00000| Untracked 
|  34|0x0000000083e00000, 0x0000000083e00000, 0x0000000083f00000|  0%| F|  |TAMS 0x0000000083e00000, 0x0000000083e00000| Untracked 
|  35|0x0000000083f00000, 0x0000000083f00000, 0x0000000084000000|  0%| F|  |TAMS 0x0000000083f00000, 0x0000000083f00000| Untracked 
|  36|0x0000000084000000, 0x0000000084000000, 0x0000000084100000|  0%| F|  |TAMS 0x0000000084000000, 0x0000000084000000| Untracked 
|  37|0x0000000084100000, 0x0000000084100000, 0x0000000084200000|  0%| F|  |TAMS 0x0000000084100000, 0x0000000084100000| Untracked 
|  38|0x0000000084200000, 0x0000000084200000, 0x0000000084300000|  0%| F|  |TAMS 0x0000000084200000, 0x0000000084200000| Untracked 
|  39|0x0000000084300000, 0x0000000084300000, 0x0000000084400000|  0%| F|  |TAMS 0x0000000084300000, 0x0000000084300000| Untracked 
|  40|0x0000000084400000, 0x0000000084400000, 0x0000000084500000|  0%| F|  |TAMS 0x0000000084400000, 0x0000000084400000| Untracked 
|  41|0x0000000084500000, 0x0000000084500000, 0x0000000084600000|  0%| F|  |TAMS 0x0000000084500000, 0x0000000084500000| Untracked 
|  42|0x0000000084600000, 0x0000000084600000, 0x0000000084700000|  0%| F|  |TAMS 0x0000000084600000, 0x0000000084600000| Untracked 
|  43|0x0000000084700000, 0x0000000084700000, 0x0000000084800000|  0%| F|  |TAMS 0x0000000084700000, 0x0000000084700000| Untracked 
|  44|0x0000000084800000, 0x0000000084800000, 0x0000000084900000|  0%| F|  |TAMS 0x0000000084800000, 0x0000000084800000| Untracked 
|  45|0x0000000084900000, 0x0000000084900000, 0x0000000084a00000|  0%| F|  |TAMS 0x0000000084900000, 0x0000000084900000| Untracked 
|  46|0x0000000084a00000, 0x0000000084a00000, 0x0000000084b00000|  0%| F|  |TAMS 0x0000000084a00000, 0x0000000084a00000| Untracked 
|  47|0x0000000084b00000, 0x0000000084b00000, 0x0000000084c00000|  0%| F|  |TAMS 0x0000000084b00000, 0x0000000084b00000| Untracked 
|  48|0x0000000084c00000, 0x0000000084c00000, 0x0000000084d00000|  0%| F|  |TAMS 0x0000000084c00000, 0x0000000084c00000| Untracked 
|  49|0x0000000084d00000, 0x0000000084d00000, 0x0000000084e00000|  0%| F|  |TAMS 0x0000000084d00000, 0x0000000084d00000| Untracked 
|  50|0x0000000084e00000, 0x0000000084e00000, 0x0000000084f00000|  0%| F|  |TAMS 0x0000000084e00000, 0x0000000084e00000| Untracked 
|  51|0x0000000084f00000, 0x0000000084f00000, 0x0000000085000000|  0%| F|  |TAMS 0x0000000084f00000, 0x0000000084f00000| Untracked 
|  52|0x0000000085000000, 0x0000000085000000, 0x0000000085100000|  0%| F|  |TAMS 0x0000000085000000, 0x0000000085000000| Untracked 
|  53|0x0000000085100000, 0x0000000085100000, 0x0000000085200000|  0%| F|  |TAMS 0x0000000085100000, 0x0000000085100000| Untracked 
|  54|0x0000000085200000, 0x0000000085200000, 0x0000000085300000|  0%| F|  |TAMS 0x0000000085200000, 0x0000000085200000| Untracked 
|  55|0x0000000085300000, 0x0000000085300000, 0x0000000085400000|  0%| F|  |TAMS 0x0000000085300000, 0x0000000085300000| Untracked 
|  56|0x0000000085400000, 0x0000000085400000, 0x0000000085500000|  0%| F|  |TAMS 0x0000000085400000, 0x0000000085400000| Untracked 
|  57|0x0000000085500000, 0x0000000085500000, 0x0000000085600000|  0%| F|  |TAMS 0x0000000085500000, 0x0000000085500000| Untracked 
|  58|0x0000000085600000, 0x0000000085600000, 0x0000000085700000|  0%| F|  |TAMS 0x0000000085600000, 0x0000000085600000| Untracked 
|  59|0x0000000085700000, 0x0000000085700000, 0x0000000085800000|  0%| F|  |TAMS 0x0000000085700000, 0x0000000085700000| Untracked 
|  60|0x0000000085800000, 0x0000000085800000, 0x0000000085900000|  0%| F|  |TAMS 0x0000000085800000, 0x0000000085800000| Untracked 
|  61|0x0000000085900000, 0x0000000085900000, 0x0000000085a00000|  0%| F|  |TAMS 0x0000000085900000, 0x0000000085900000| Untracked 
|  62|0x0000000085a00000, 0x0000000085a00000, 0x0000000085b00000|  0%| F|  |TAMS 0x0000000085a00000, 0x0000000085a00000| Untracked 
|  63|0x0000000085b00000, 0x0000000085b00000, 0x0000000085c00000|  0%| F|  |TAMS 0x0000000085b00000, 0x0000000085b00000| Untracked 
|  64|0x0000000085c00000, 0x0000000085c00000, 0x0000000085d00000|  0%| F|  |TAMS 0x0000000085c00000, 0x0000000085c00000| Untracked 
|  65|0x0000000085d00000, 0x0000000085d00000, 0x0000000085e00000|  0%| F|  |TAMS 0x0000000085d00000, 0x0000000085d00000| Untracked 
|  66|0x0000000085e00000, 0x0000000085e00000, 0x0000000085f00000|  0%| F|  |TAMS 0x0000000085e00000, 0x0000000085e00000| Untracked 
|  67|0x0000000085f00000, 0x0000000085f00000, 0x0000000086000000|  0%| F|  |TAMS 0x0000000085f00000, 0x0000000085f00000| Untracked 
|  68|0x0000000086000000, 0x0000000086000000, 0x0000000086100000|  0%| F|  |TAMS 0x0000000086000000, 0x0000000086000000| Untracked 
|  69|0x0000000086100000, 0x0000000086100000, 0x0000000086200000|  0%| F|  |TAMS 0x0000000086100000, 0x0000000086100000| Untracked 
|  70|0x0000000086200000, 0x0000000086200000, 0x0000000086300000|  0%| F|  |TAMS 0x0000000086200000, 0x0000000086200000| Untracked 
|  71|0x0000000086300000, 0x0000000086300000, 0x0000000086400000|  0%| F|  |TAMS 0x0000000086300000, 0x0000000086300000| Untracked 
|  72|0x0000000086400000, 0x0000000086400000, 0x0000000086500000|  0%| F|  |TAMS 0x0000000086400000, 0x0000000086400000| Untracked 
|  73|0x0000000086500000, 0x0000000086500000, 0x0000000086600000|  0%| F|  |TAMS 0x0000000086500000, 0x0000000086500000| Untracked 
|  74|0x0000000086600000, 0x0000000086600000, 0x0000000086700000|  0%| F|  |TAMS 0x0000000086600000, 0x0000000086600000| Untracked 
|  75|0x0000000086700000, 0x0000000086700000, 0x0000000086800000|  0%| F|  |TAMS 0x0000000086700000, 0x0000000086700000| Untracked 
|  76|0x0000000086800000, 0x0000000086800000, 0x0000000086900000|  0%| F|  |TAMS 0x0000000086800000, 0x0000000086800000| Untracked 
|  77|0x0000000086900000, 0x0000000086900000, 0x0000000086a00000|  0%| F|  |TAMS 0x0000000086900000, 0x0000000086900000| Untracked 
|  78|0x0000000086a00000, 0x0000000086a00000, 0x0000000086b00000|  0%| F|  |TAMS 0x0000000086a00000, 0x0000000086a00000| Untracked 
|  79|0x0000000086b00000, 0x0000000086b00000, 0x0000000086c00000|  0%| F|  |TAMS 0x0000000086b00000, 0x0000000086b00000| Untracked 
|  80|0x0000000086c00000, 0x0000000086c00000, 0x0000000086d00000|  0%| F|  |TAMS 0x0000000086c00000, 0x0000000086c00000| Untracked 
|  81|0x0000000086d00000, 0x0000000086d00000, 0x0000000086e00000|  0%| F|  |TAMS 0x0000000086d00000, 0x0000000086d00000| Untracked 
|  82|0x0000000086e00000, 0x0000000086e00000, 0x0000000086f00000|  0%| F|  |TAMS 0x0000000086e00000, 0x0000000086e00000| Untracked 
|  83|0x0000000086f00000, 0x0000000086f00000, 0x0000000087000000|  0%| F|  |TAMS 0x0000000086f00000, 0x0000000086f00000| Untracked 
|  84|0x0000000087000000, 0x0000000087000000, 0x0000000087100000|  0%| F|  |TAMS 0x0000000087000000, 0x0000000087000000| Untracked 
|  85|0x0000000087100000, 0x0000000087100000, 0x0000000087200000|  0%| F|  |TAMS 0x0000000087100000, 0x0000000087100000| Untracked 
|  86|0x0000000087200000, 0x0000000087200000, 0x0000000087300000|  0%| F|  |TAMS 0x0000000087200000, 0x0000000087200000| Untracked 
|  87|0x0000000087300000, 0x0000000087300000, 0x0000000087400000|  0%| F|  |TAMS 0x0000000087300000, 0x0000000087300000| Untracked 
|  88|0x0000000087400000, 0x0000000087400000, 0x0000000087500000|  0%| F|  |TAMS 0x0000000087400000, 0x0000000087400000| Untracked 
|  89|0x0000000087500000, 0x0000000087500000, 0x0000000087600000|  0%| F|  |TAMS 0x0000000087500000, 0x0000000087500000| Untracked 
|  90|0x0000000087600000, 0x0000000087600000, 0x0000000087700000|  0%| F|  |TAMS 0x0000000087600000, 0x0000000087600000| Untracked 
|  91|0x0000000087700000, 0x0000000087700000, 0x0000000087800000|  0%| F|  |TAMS 0x0000000087700000, 0x0000000087700000| Untracked 
|  92|0x0000000087800000, 0x0000000087800000, 0x0000000087900000|  0%| F|  |TAMS 0x0000000087800000, 0x0000000087800000| Untracked 
|  93|0x0000000087900000, 0x0000000087900000, 0x0000000087a00000|  0%| F|  |TAMS 0x0000000087900000, 0x0000000087900000| Untracked 
|  94|0x0000000087a00000, 0x0000000087a00000, 0x0000000087b00000|  0%| F|  |TAMS 0x0000000087a00000, 0x0000000087a00000| Untracked 
|  95|0x0000000087b00000, 0x0000000087b00000, 0x0000000087c00000|  0%| F|  |TAMS 0x0000000087b00000, 0x0000000087b00000| Untracked 
|  96|0x0000000087c00000, 0x0000000087c00000, 0x0000000087d00000|  0%| F|  |TAMS 0x0000000087c00000, 0x0000000087c00000| Untracked 
|  97|0x0000000087d00000, 0x0000000087d00000, 0x0000000087e00000|  0%| F|  |TAMS 0x0000000087d00000, 0x0000000087d00000| Untracked 
|  98|0x0000000087e00000, 0x0000000087e00000, 0x0000000087f00000|  0%| F|  |TAMS 0x0000000087e00000, 0x0000000087e00000| Untracked 
|  99|0x0000000087f00000, 0x0000000087f00000, 0x0000000088000000|  0%| F|  |TAMS 0x0000000087f00000, 0x0000000087f00000| Untracked 
| 100|0x0000000088000000, 0x0000000088000000, 0x0000000088100000|  0%| F|  |TAMS 0x0000000088000000, 0x0000000088000000| Untracked 
| 101|0x0000000088100000, 0x0000000088100000, 0x0000000088200000|  0%| F|  |TAMS 0x0000000088100000, 0x0000000088100000| Untracked 
| 102|0x0000000088200000, 0x0000000088200000, 0x0000000088300000|  0%| F|  |TAMS 0x0000000088200000, 0x0000000088200000| Untracked 
| 103|0x0000000088300000, 0x0000000088300000, 0x0000000088400000|  0%| F|  |TAMS 0x0000000088300000, 0x0000000088300000| Untracked 
| 104|0x0000000088400000, 0x0000000088400000, 0x0000000088500000|  0%| F|  |TAMS 0x0000000088400000, 0x0000000088400000| Untracked 
| 105|0x0000000088500000, 0x0000000088500000, 0x0000000088600000|  0%| F|  |TAMS 0x0000000088500000, 0x0000000088500000| Untracked 
| 106|0x0000000088600000, 0x0000000088600000, 0x0000000088700000|  0%| F|  |TAMS 0x0000000088600000, 0x0000000088600000| Untracked 
| 107|0x0000000088700000, 0x0000000088700000, 0x0000000088800000|  0%| F|  |TAMS 0x0000000088700000, 0x0000000088700000| Untracked 
| 108|0x0000000088800000, 0x0000000088800000, 0x0000000088900000|  0%| F|  |TAMS 0x0000000088800000, 0x0000000088800000| Untracked 
| 109|0x0000000088900000, 0x0000000088900000, 0x0000000088a00000|  0%| F|  |TAMS 0x0000000088900000, 0x0000000088900000| Untracked 
| 110|0x0000000088a00000, 0x0000000088a00000, 0x0000000088b00000|  0%| F|  |TAMS 0x0000000088a00000, 0x0000000088a00000| Untracked 
| 111|0x0000000088b00000, 0x0000000088b00000, 0x0000000088c00000|  0%| F|  |TAMS 0x0000000088b00000, 0x0000000088b00000| Untracked 
| 112|0x0000000088c00000, 0x0000000088c76498, 0x0000000088d00000| 46%| E|  |TAMS 0x0000000088c00000, 0x0000000088c00000| Complete 
| 113|0x0000000088d00000, 0x0000000088e00000, 0x0000000088e00000|100%| E|CS|TAMS 0x0000000088d00000, 0x0000000088d00000| Complete 
| 114|0x0000000088e00000, 0x0000000088f00000, 0x0000000088f00000|100%| E|CS|TAMS 0x0000000088e00000, 0x0000000088e00000| Complete 
| 115|0x0000000088f00000, 0x0000000089000000, 0x0000000089000000|100%| E|CS|TAMS 0x0000000088f00000, 0x0000000088f00000| Complete 
| 116|0x0000000089000000, 0x0000000089100000, 0x0000000089100000|100%| E|CS|TAMS 0x0000000089000000, 0x0000000089000000| Complete 
| 117|0x0000000089100000, 0x0000000089200000, 0x0000000089200000|100%| E|CS|TAMS 0x0000000089100000, 0x0000000089100000| Complete 
| 118|0x0000000089200000, 0x0000000089300000, 0x0000000089300000|100%| E|CS|TAMS 0x0000000089200000, 0x0000000089200000| Complete 
| 119|0x0000000089300000, 0x0000000089400000, 0x0000000089400000|100%| E|CS|TAMS 0x0000000089300000, 0x0000000089300000| Complete 
| 120|0x0000000089400000, 0x0000000089500000, 0x0000000089500000|100%| E|CS|TAMS 0x0000000089400000, 0x0000000089400000| Complete 
| 121|0x0000000089500000, 0x0000000089600000, 0x0000000089600000|100%| E|CS|TAMS 0x0000000089500000, 0x0000000089500000| Complete 
| 122|0x0000000089600000, 0x0000000089700000, 0x0000000089700000|100%| E|CS|TAMS 0x0000000089600000, 0x0000000089600000| Complete 
| 123|0x0000000089700000, 0x0000000089800000, 0x0000000089800000|100%| E|CS|TAMS 0x0000000089700000, 0x0000000089700000| Complete 
| 124|0x0000000089800000, 0x0000000089900000, 0x0000000089900000|100%| E|CS|TAMS 0x0000000089800000, 0x0000000089800000| Complete 
| 125|0x0000000089900000, 0x0000000089a00000, 0x0000000089a00000|100%| E|CS|TAMS 0x0000000089900000, 0x0000000089900000| Complete 
| 126|0x0000000089a00000, 0x0000000089b00000, 0x0000000089b00000|100%| E|CS|TAMS 0x0000000089a00000, 0x0000000089a00000| Complete 
| 127|0x0000000089b00000, 0x0000000089c00000, 0x0000000089c00000|100%| E|CS|TAMS 0x0000000089b00000, 0x0000000089b00000| Complete 

Card table byte_map: [0x0000023e60730000,0x0000023e60b30000] _byte_map_base: 0x0000023e60322000

Marking Bits (Prev, Next): (CMBitMap*) 0x0000023e59bbe0e0, (CMBitMap*) 0x0000023e59bbe120
 Prev Bits: [0x0000023e60f30000, 0x0000023e62ec0000)
 Next Bits: [0x0000023e62ec0000, 0x0000023e64e50000)

Polling page: 0x0000023e57a50000

Metaspace:

Usage:
  Non-class:     11.93 MB used.
      Class:      1.36 MB used.
       Both:     13.29 MB used.

Virtual space:
  Non-class space:       16.00 MB reserved,      12.00 MB ( 75%) committed,  2 nodes.
      Class space:        1.00 GB reserved,       1.44 MB ( <1%) committed,  1 nodes.
             Both:        1.02 GB reserved,      13.44 MB (  1%) committed. 

Chunk freelists:
   Non-Class:  12.00 KB
       Class:  2.53 MB
        Both:  2.55 MB

MaxMetaspaceSize: unlimited
CompressedClassSpaceSize: 1.00 GB
Initial GC threshold: 21.00 MB
Current GC threshold: 21.00 MB
CDS: off
MetaspaceReclaimPolicy: balanced
 - commit_granule_bytes: 65536.
 - commit_granule_words: 8192.
 - virtual_space_node_default_size: 1048576.
 - enlarge_chunks_in_place: 1.
 - new_chunks_are_fully_committed: 0.
 - uncommit_free_chunks: 1.
 - use_allocation_guard: 0.
 - handle_deallocations: 1.


Internal statistics:

num_allocs_failed_limit: 0.
num_arena_births: 104.
num_arena_deaths: 0.
num_vsnodes_births: 3.
num_vsnodes_deaths: 0.
num_space_committed: 215.
num_space_uncommitted: 0.
num_chunks_returned_to_freelist: 0.
num_chunks_taken_from_freelist: 197.
num_chunk_merges: 0.
num_chunk_splits: 107.
num_chunks_enlarged: 52.
num_purges: 0.
num_inconsistent_stats: 0.

CodeCache: size=49152Kb used=3664Kb max_used=3664Kb free=45487Kb
 bounds [0x0000023e5d220000, 0x0000023e5d5c0000, 0x0000023e60220000]
 total_blobs=1484 nmethods=1039 adapters=371
 compilation: enabled
              stopped_count=0, restarted_count=0
 full_count=0

Compilation events (20 events):
Event: 0.704 Thread 0x0000023e67950a30 1007       1       java.util.logging.Level::intValue (5 bytes)
Event: 0.705 Thread 0x0000023e67950a30 nmethod 1007 0x0000023e5d5a9810 code [0x0000023e5d5a99a0, 0x0000023e5d5a9a78]
Event: 0.706 Thread 0x0000023e6858f040 1008       1       java.lang.Class::getComponentType (14 bytes)
Event: 0.706 Thread 0x0000023e6858f040 nmethod 1008 0x0000023e5d5a9e10 code [0x0000023e5d5a9fc0, 0x0000023e5d5aa0e8]
Event: 0.707 Thread 0x0000023e67950a30 1009       1       java.lang.reflect.Field::getModifiers (5 bytes)
Event: 0.708 Thread 0x0000023e67950a30 nmethod 1009 0x0000023e5d5aa190 code [0x0000023e5d5aa320, 0x0000023e5d5aa3f8]
Event: 0.708 Thread 0x0000023e6858f040 1010       1       jdk.internal.reflect.MagicAccessorImpl::<init> (5 bytes)
Event: 0.708 Thread 0x0000023e67950a30 1011       1       java.lang.invoke.Invokers$Holder::linkToTargetMethod (8 bytes)
Event: 0.708 Thread 0x0000023e6858f040 nmethod 1010 0x0000023e5d5aa490 code [0x0000023e5d5aa620, 0x0000023e5d5aa6d8]
Event: 0.708 Thread 0x0000023e6858f040 1012       1       java.lang.invoke.LambdaForm$MH/0x0000000100000400::invoke (8 bytes)
Event: 0.708 Thread 0x0000023e67950a30 nmethod 1011 0x0000023e5d5aa790 code [0x0000023e5d5aa940, 0x0000023e5d5aaa58]
Event: 0.708 Thread 0x0000023e6858f040 nmethod 1012 0x0000023e5d5aab10 code [0x0000023e5d5aaca0, 0x0000023e5d5aad78]
Event: 0.709 Thread 0x0000023e67950a30 1013       1       sun.net.www.protocol.file.Handler::parseURL (18 bytes)
Event: 0.709 Thread 0x0000023e67950a30 nmethod 1013 0x0000023e5d5aae10 code [0x0000023e5d5aafc0, 0x0000023e5d5ab0f8]
Event: 0.709 Thread 0x0000023e6858f040 1014       1       java.lang.Boolean::booleanValue (5 bytes)
Event: 0.709 Thread 0x0000023e6858f040 nmethod 1014 0x0000023e5d5ab210 code [0x0000023e5d5ab3a0, 0x0000023e5d5ab478]
Event: 0.709 Thread 0x0000023e67950a30 1015       1       java.util.Arrays::fill (21 bytes)
Event: 0.710 Thread 0x0000023e67950a30 nmethod 1015 0x0000023e5d5ab510 code [0x0000023e5d5ab6a0, 0x0000023e5d5ab778]
Event: 0.710 Thread 0x0000023e6858f040 1016       1       java.io.BufferedInputStream::getBufIfOpen (21 bytes)
Event: 0.711 Thread 0x0000023e6858f040 nmethod 1016 0x0000023e5d5ab810 code [0x0000023e5d5ab9a0, 0x0000023e5d5abb08]

GC Heap History (0 events):
No events

Deoptimization events (2 events):
Event: 0.663 Thread 0x0000023e59b7c7a0 DEOPT PACKING pc=0x0000023e5d49e965 sp=0x000000d4b53fdc20
Event: 0.663 Thread 0x0000023e59b7c7a0 DEOPT UNPACKING pc=0x0000023e5d272b43 sp=0x000000d4b53fd180 mode 3

Classes unloaded (0 events):
No events

Classes redefined (0 events):
No events

Internal exceptions (15 events):
Event: 0.327 Thread 0x0000023e59b7c7a0 Exception <a 'java/lang/NoSuchMethodError'{0x000000008954ab18}: 'java.lang.Object java.lang.invoke.DirectMethodHandle$Holder.invokeStaticInit(java.lang.Object)'> (0x000000008954ab18) 
thrown [e:\jenkins\tmp\workspace\build\src\src\hotspot\share\interpreter\linkResolver.cpp, line 766]
Event: 0.348 Thread 0x0000023e59b7c7a0 Exception <a 'java/lang/NoSuchMethodError'{0x00000000895666a8}: 'int java.lang.invoke.DirectMethodHandle$Holder.invokeInterface(java.lang.Object, java.lang.Object)'> (0x00000000895666a8) 
thrown [e:\jenkins\tmp\workspace\build\src\src\hotspot\share\interpreter\linkResolver.cpp, line 766]
Event: 0.349 Thread 0x0000023e59b7c7a0 Exception <a 'java/lang/IncompatibleClassChangeError'{0x0000000089569ca8}: Found class java.lang.Object, but interface was expected> (0x0000000089569ca8) 
thrown [e:\jenkins\tmp\workspace\build\src\src\hotspot\share\interpreter\linkResolver.cpp, line 833]
Event: 0.350 Thread 0x0000023e59b7c7a0 Exception <a 'java/lang/NoSuchMethodError'{0x000000008956f858}: 'void java.lang.invoke.DirectMethodHandle$Holder.invokeStatic(java.lang.Object, java.lang.Object)'> (0x000000008956f858) 
thrown [e:\jenkins\tmp\workspace\build\src\src\hotspot\share\interpreter\linkResolver.cpp, line 766]
Event: 0.402 Thread 0x0000023e59b7c7a0 Exception <a 'java/lang/NoSuchMethodError'{0x000000008943d830}: 'int java.lang.invoke.DirectMethodHandle$Holder.invokeSpecial(java.lang.Object, java.lang.Object, java.lang.Object)'> (0x000000008943d830) 
thrown [e:\jenkins\tmp\workspace\build\src\src\hotspot\share\interpreter\linkResolver.cpp, line 766]
Event: 0.457 Thread 0x0000023e59b7c7a0 Exception <a 'java/lang/NoSuchMethodError'{0x0000000089347b48}: 'void java.lang.invoke.DirectMethodHandle$Holder.invokeStatic(java.lang.Object, java.lang.Object, java.lang.Object)'> (0x0000000089347b48) 
thrown [e:\jenkins\tmp\workspace\build\src\src\hotspot\share\interpreter\linkResolver.cpp, line 766]
Event: 0.487 Thread 0x0000023e59b7c7a0 Exception <a 'java/lang/NoSuchMethodError'{0x00000000893921d0}: 'int java.lang.invoke.DirectMethodHandle$Holder.invokeSpecialIFC(java.lang.Object, java.lang.Object, java.lang.Object)'> (0x00000000893921d0) 
thrown [e:\jenkins\tmp\workspace\build\src\src\hotspot\share\interpreter\linkResolver.cpp, line 766]
Event: 0.517 Thread 0x0000023e59b7c7a0 Exception <a 'java/lang/NoSuchMethodError'{0x0000000089208878}: 'java.lang.Object java.lang.invoke.DirectMethodHandle$Holder.invokeStaticInit(java.lang.Object, int, int, int, int)'> (0x0000000089208878) 
thrown [e:\jenkins\tmp\workspace\build\src\src\hotspot\share\interpreter\linkResolver.cpp, line 766]
Event: 0.583 Thread 0x0000023e59b7c7a0 Exception <a 'java/lang/NoSuchMethodError'{0x00000000892bb788}: 'java.lang.Object java.lang.invoke.DirectMethodHandle$Holder.invokeStaticInit(java.lang.Object, java.lang.Object, int, int, int, int)'> (0x00000000892bb788) 
thrown [e:\jenkins\tmp\workspace\build\src\src\hotspot\share\interpreter\linkResolver.cpp, line 766]
Event: 0.593 Thread 0x0000023e59b7c7a0 Exception <a 'java/lang/ClassNotFoundException'{0x00000000892d6ed8}: javax/management/remote/rmi/RMIServerImpl_Skel> (0x00000000892d6ed8) 
thrown [e:\jenkins\tmp\workspace\build\src\src\hotspot\share\classfile\systemDictionary.cpp, line 256]
Event: 0.617 Thread 0x0000023e59b7c7a0 Exception <a 'java/lang/ClassNotFoundException'{0x000000008912cc60}: jdk/internal/agent/resources/spi/agentProvider> (0x000000008912cc60) 
thrown [e:\jenkins\tmp\workspace\build\src\src\hotspot\share\classfile\systemDictionary.cpp, line 256]
Event: 0.663 Thread 0x0000023e59b7c7a0 Implicit null exception at 0x0000023e5d49e2c3 to 0x0000023e5d49e960
Event: 0.694 Thread 0x0000023e59b7c7a0 Exception <a 'java/lang/ClassNotFoundException'{0x0000000088e3f418}: javax/smartcardio/CardPermission> (0x0000000088e3f418) 
thrown [e:\jenkins\tmp\workspace\build\src\src\hotspot\share\classfile\systemDictionary.cpp, line 256]
Event: 0.696 Thread 0x0000023e59b7c7a0 Exception <a 'java/io/FileNotFoundException'{0x0000000088e4dba8}> (0x0000000088e4dba8) 
thrown [e:\jenkins\tmp\workspace\build\src\src\hotspot\share\prims\jni.cpp, line 516]
Event: 0.713 Thread 0x0000023e68cd2cb0 Exception <a 'java/lang/NoSuchMethodError'{0x0000000088d22a78}: static [B.<clinit>()V> (0x0000000088d22a78) 
thrown [e:\jenkins\tmp\workspace\build\src\src\hotspot\share\prims\jni.cpp, line 1107]

VM Operations (12 events):
Event: 0.213 Executing VM operation: HandshakeAllThreads
Event: 0.213 Executing VM operation: HandshakeAllThreads done
Event: 0.469 Executing VM operation: HandshakeAllThreads
Event: 0.469 Executing VM operation: HandshakeAllThreads done
Event: 0.503 Executing VM operation: HandshakeAllThreads
Event: 0.503 Executing VM operation: HandshakeAllThreads done
Event: 0.592 Executing VM operation: HandshakeAllThreads
Event: 0.592 Executing VM operation: HandshakeAllThreads done
Event: 0.657 Executing VM operation: HandshakeAllThreads
Event: 0.657 Executing VM operation: HandshakeAllThreads done
Event: 0.662 Executing VM operation: HandshakeAllThreads
Event: 0.662 Executing VM operation: HandshakeAllThreads done

Events (20 events):
Event: 0.708 loading class java/rmi/dgc/Lease
Event: 0.708 loading class java/rmi/dgc/Lease done
Event: 0.708 loading class java/rmi/dgc/VMID
Event: 0.708 loading class java/rmi/dgc/VMID done
Event: 0.710 loading class sun/rmi/transport/DGCImpl$LeaseInfo
Event: 0.711 loading class sun/rmi/transport/DGCImpl$LeaseInfo done
Event: 0.711 loading class sun/rmi/transport/DGCImpl$1
Event: 0.712 loading class sun/rmi/transport/DGCImpl$1 done
Event: 0.712 loading class sun/rmi/transport/SequenceEntry
Event: 0.712 loading class sun/rmi/transport/SequenceEntry done
Event: 0.712 loading class java/io/ObjectStreamClass$1
Event: 0.712 loading class java/io/ObjectStreamClass$1 done
Event: 0.712 loading class java/io/ObjectStreamClass$MemberSignature
Event: 0.712 loading class java/time/temporal/TemporalAccessor
Event: 0.712 loading class java/io/ObjectStreamClass$MemberSignature done
Event: 0.712 loading class java/io/ObjectStreamClass$3
Event: 0.712 loading class java/io/ObjectStreamClass$3 done
Event: 0.713 loading class java/time/temporal/TemporalAccessor done
Event: 0.713 loading class java/time/ZoneId
Event: 0.713 loading class java/io/ObjectStreamClass$4


Dynamic libraries:
0x00007ff68e260000 - 0x00007ff68e26e000 	D:\sts-4.13.0.RELEASE\plugins\org.eclipse.justj.openjdk.hotspot.jre.full.win32.x86_64_17.0.1.v20211116-1657\jre\bin\javaw.exe
0x00007ffd160d0000 - 0x00007ffd162c8000 	C:\WINDOWS\SYSTEM32\ntdll.dll
0x00007ffd142d0000 - 0x00007ffd1438f000 	C:\WINDOWS\System32\KERNEL32.DLL
0x00007ffd137b0000 - 0x00007ffd13aa6000 	C:\WINDOWS\System32\KERNELBASE.dll
0x00007ffd13ae0000 - 0x00007ffd13be0000 	C:\WINDOWS\System32\ucrtbase.dll
0x00007ffcfd7a0000 - 0x00007ffcfd7b9000 	D:\sts-4.13.0.RELEASE\plugins\org.eclipse.justj.openjdk.hotspot.jre.full.win32.x86_64_17.0.1.v20211116-1657\jre\bin\VCRUNTIME140.dll
0x00007ffd0cb80000 - 0x00007ffd0cb98000 	D:\sts-4.13.0.RELEASE\plugins\org.eclipse.justj.openjdk.hotspot.jre.full.win32.x86_64_17.0.1.v20211116-1657\jre\bin\jli.dll
0x00007ffd15de0000 - 0x00007ffd15f7d000 	C:\WINDOWS\System32\USER32.dll
0x00007ffd13ab0000 - 0x00007ffd13ad2000 	C:\WINDOWS\System32\win32u.dll
0x00007ffd12ba0000 - 0x00007ffd12e3a000 	C:\WINDOWS\WinSxS\amd64_microsoft.windows.common-controls_6595b64144ccf1df_6.0.19041.1110_none_60b5254171f9507e\COMCTL32.dll
0x00007ffd158f0000 - 0x00007ffd1591c000 	C:\WINDOWS\System32\GDI32.dll
0x00007ffd15b30000 - 0x00007ffd15bce000 	C:\WINDOWS\System32\msvcrt.dll
0x00007ffd13fa0000 - 0x00007ffd140b5000 	C:\WINDOWS\System32\gdi32full.dll
0x00007ffd13c10000 - 0x00007ffd13cad000 	C:\WINDOWS\System32\msvcp_win.dll
0x00007ffd14b60000 - 0x00007ffd14b90000 	C:\WINDOWS\System32\IMM32.DLL
0x00007ffd0b9a0000 - 0x00007ffd0b9ac000 	D:\sts-4.13.0.RELEASE\plugins\org.eclipse.justj.openjdk.hotspot.jre.full.win32.x86_64_17.0.1.v20211116-1657\jre\bin\vcruntime140_1.dll
0x00007ffcf6a50000 - 0x00007ffcf6ae1000 	D:\sts-4.13.0.RELEASE\plugins\org.eclipse.justj.openjdk.hotspot.jre.full.win32.x86_64_17.0.1.v20211116-1657\jre\bin\msvcp140.dll
0x00007ffcd2550000 - 0x00007ffcd3196000 	D:\sts-4.13.0.RELEASE\plugins\org.eclipse.justj.openjdk.hotspot.jre.full.win32.x86_64_17.0.1.v20211116-1657\jre\bin\server\jvm.dll
0x00007ffd15670000 - 0x00007ffd1571f000 	C:\WINDOWS\System32\ADVAPI32.dll
0x00007ffd15f80000 - 0x00007ffd1601c000 	C:\WINDOWS\System32\sechost.dll
0x00007ffd15730000 - 0x00007ffd15856000 	C:\WINDOWS\System32\RPCRT4.dll
0x00007ffd15480000 - 0x00007ffd15488000 	C:\WINDOWS\System32\PSAPI.DLL
0x00007ffcf1140000 - 0x00007ffcf1149000 	C:\WINDOWS\SYSTEM32\WSOCK32.dll
0x00007ffcf6040000 - 0x00007ffcf6067000 	C:\WINDOWS\SYSTEM32\WINMM.dll
0x00007ffd0b170000 - 0x00007ffd0b17a000 	C:\WINDOWS\SYSTEM32\VERSION.dll
0x00007ffd16020000 - 0x00007ffd1608b000 	C:\WINDOWS\System32\WS2_32.dll
0x00007ffd11980000 - 0x00007ffd11992000 	C:\WINDOWS\SYSTEM32\kernel.appcore.dll
0x00007ffd105e0000 - 0x00007ffd105ea000 	D:\sts-4.13.0.RELEASE\plugins\org.eclipse.justj.openjdk.hotspot.jre.full.win32.x86_64_17.0.1.v20211116-1657\jre\bin\jimage.dll
0x00007ffd131e0000 - 0x00007ffd133c4000 	C:\WINDOWS\SYSTEM32\DBGHELP.DLL
0x00007ffd12f70000 - 0x00007ffd12fa4000 	C:\WINDOWS\SYSTEM32\dbgcore.DLL
0x00007ffd13e60000 - 0x00007ffd13ee2000 	C:\WINDOWS\System32\bcryptPrimitives.dll
0x00007ffd0cef0000 - 0x00007ffd0cf15000 	D:\sts-4.13.0.RELEASE\plugins\org.eclipse.justj.openjdk.hotspot.jre.full.win32.x86_64_17.0.1.v20211116-1657\jre\bin\java.dll
0x00007ffd0b5e0000 - 0x00007ffd0b5f8000 	D:\sts-4.13.0.RELEASE\plugins\org.eclipse.justj.openjdk.hotspot.jre.full.win32.x86_64_17.0.1.v20211116-1657\jre\bin\zip.dll
0x00007ffd14390000 - 0x00007ffd14ad4000 	C:\WINDOWS\System32\SHELL32.dll
0x00007ffd111d0000 - 0x00007ffd11963000 	C:\WINDOWS\SYSTEM32\windows.storage.dll
0x00007ffd15120000 - 0x00007ffd15474000 	C:\WINDOWS\System32\combase.dll
0x00007ffd12b00000 - 0x00007ffd12b2e000 	C:\WINDOWS\SYSTEM32\Wldp.dll
0x00007ffd155c0000 - 0x00007ffd1566d000 	C:\WINDOWS\System32\SHCORE.dll
0x00007ffd14270000 - 0x00007ffd142c5000 	C:\WINDOWS\System32\shlwapi.dll
0x00007ffd136f0000 - 0x00007ffd1370f000 	C:\WINDOWS\SYSTEM32\profapi.dll
0x00007ffd0a270000 - 0x00007ffd0a289000 	D:\sts-4.13.0.RELEASE\plugins\org.eclipse.justj.openjdk.hotspot.jre.full.win32.x86_64_17.0.1.v20211116-1657\jre\bin\net.dll
0x00007ffd0c5b0000 - 0x00007ffd0c6ba000 	C:\WINDOWS\SYSTEM32\WINHTTP.dll
0x00007ffd12810000 - 0x00007ffd1287a000 	C:\WINDOWS\system32\mswsock.dll
0x00007ffd0a010000 - 0x00007ffd0a025000 	D:\sts-4.13.0.RELEASE\plugins\org.eclipse.justj.openjdk.hotspot.jre.full.win32.x86_64_17.0.1.v20211116-1657\jre\bin\nio.dll
0x00007ffd0a260000 - 0x00007ffd0a269000 	D:\sts-4.13.0.RELEASE\plugins\org.eclipse.justj.openjdk.hotspot.jre.full.win32.x86_64_17.0.1.v20211116-1657\jre\bin\management.dll
0x00007ffd09fa0000 - 0x00007ffd09fab000 	D:\sts-4.13.0.RELEASE\plugins\org.eclipse.justj.openjdk.hotspot.jre.full.win32.x86_64_17.0.1.v20211116-1657\jre\bin\management_ext.dll
0x00007ffcdd900000 - 0x00007ffcdd917000 	C:\WINDOWS\system32\napinsp.dll
0x00007ffcdd920000 - 0x00007ffcdd93b000 	C:\WINDOWS\system32\pnrpnsp.dll
0x00007ffd0dcb0000 - 0x00007ffd0dcc5000 	C:\WINDOWS\system32\wshbth.dll
0x00007ffd0e5b0000 - 0x00007ffd0e5cd000 	C:\WINDOWS\system32\NLAapi.dll
0x00007ffd12540000 - 0x00007ffd1257c000 	C:\WINDOWS\SYSTEM32\IPHLPAPI.DLL
0x00007ffd12580000 - 0x00007ffd1264a000 	C:\WINDOWS\SYSTEM32\DNSAPI.dll
0x00007ffd14b90000 - 0x00007ffd14b98000 	C:\WINDOWS\System32\NSI.dll
0x00007ffce2040000 - 0x00007ffce2052000 	C:\WINDOWS\System32\winrnr.dll
0x00007ffd0b160000 - 0x00007ffd0b16a000 	C:\Windows\System32\rasadhlp.dll
0x00007ffcf56a0000 - 0x00007ffcf5722000 	C:\WINDOWS\System32\fwpuclnt.dll
0x00007ffd13be0000 - 0x00007ffd13c07000 	C:\WINDOWS\System32\bcrypt.dll
0x00007ffd13540000 - 0x00007ffd13558000 	C:\WINDOWS\SYSTEM32\CRYPTSP.dll
0x00007ffd121d0000 - 0x00007ffd12204000 	C:\WINDOWS\system32\rsaenh.dll
0x00007ffd136b0000 - 0x00007ffd136de000 	C:\WINDOWS\SYSTEM32\USERENV.dll
0x00007ffd12a90000 - 0x00007ffd12a9c000 	C:\WINDOWS\SYSTEM32\CRYPTBASE.dll
0x00007ffd020d0000 - 0x00007ffd020e7000 	C:\WINDOWS\SYSTEM32\dhcpcsvc6.DLL
0x00007ffd02280000 - 0x00007ffd0229d000 	C:\WINDOWS\SYSTEM32\dhcpcsvc.DLL

dbghelp: loaded successfully - version: 4.0.5 - missing functions: none
symbol engine: initialized successfully - sym options: 0x614 - pdb path: (cannot be retrieved)

VM Arguments:
jvm_args: -Dcom.sun.management.jmxremote -Dcom.sun.management.jmxremote.port=51657 -Dcom.sun.management.jmxremote.authenticate=false -Dcom.sun.management.jmxremote.ssl=false -Djava.rmi.server.hostname=localhost -Dspring.jmx.enabled=true -Dspring.application.admin.enabled=true -XX:TieredStopAtLevel=1 -Dspring.boot.project.name=CMSPROJECT-BackEnd -Dfile.encoding=UTF-8 -XX:+ShowCodeDetailsInExceptionMessages 
java_command: com.ServerConfig.CmsProjectApplication --spring.output.ansi.enabled=always
java_class_path (initial): D:\springdocs\CMSPROJECT-BackEnd\target\classes;C:\Users\salah\.m2\repository\org\springframework\boot\spring-boot-starter-data-jpa\3.0.5\spring-boot-starter-data-jpa-3.0.5.jar;C:\Users\salah\.m2\repository\org\springframework\boot\spring-boot-starter-aop\3.0.5\spring-boot-starter-aop-3.0.5.jar;C:\Users\salah\.m2\repository\org\springframework\spring-aop\6.0.7\spring-aop-6.0.7.jar;C:\Users\salah\.m2\repository\org\aspectj\aspectjweaver\1.9.19\aspectjweaver-1.9.19.jar;C:\Users\salah\.m2\repository\org\springframework\boot\spring-boot-starter-jdbc\3.0.5\spring-boot-starter-jdbc-3.0.5.jar;C:\Users\salah\.m2\repository\com\zaxxer\HikariCP\5.0.1\HikariCP-5.0.1.jar;C:\Users\salah\.m2\repository\org\springframework\spring-jdbc\6.0.7\spring-jdbc-6.0.7.jar;C:\Users\salah\.m2\repository\org\hibernate\orm\hibernate-core\6.1.7.Final\hibernate-core-6.1.7.Final.jar;C:\Users\salah\.m2\repository\jakarta\persistence\jakarta.persistence-api\3.1.0\jakarta.persistence-api-3.1.0.jar;C:\Users\salah\.m2\repository\jakarta\transaction\jakarta.transaction-api\2.0.1\jakarta.transaction-api-2.0.1.jar;C:\Users\salah\.m2\repository\org\jboss\logging\jboss-logging\3.5.0.Final\jboss-logging-3.5.0.Final.jar;C:\Users\salah\.m2\repository\org\hibernate\common\hibernate-commons-annotations\6.0.6.Final\hibernate-commons-annotations-6.0.6.Final.jar;C:\Users\salah\.m2\repository\org\jboss\jandex\2.4.2.Final\jandex-2.4.2.Final.jar;C:\Users\salah\.m2\repository\com\fasterxml\classmate\1.5.1\classmate-1.5.1.jar;C:\Users\salah\.m2\repository\net\bytebuddy\byte-buddy\1.12.23\byte-buddy-1.12.23.jar;C:\Users\salah\.m2\repository\org\glassfish\jaxb\jaxb-runtime\4.0.2\jaxb-runtime-4.0.2.jar;C:\Users\salah\.m2\repository\org\glassfish\jaxb\jaxb-core\4.0.2\jaxb-core-4.0.2.jar;C:\Users\salah\.m2\repository\org\glassfish\jaxb\txw2\4.0.2\txw2-4.0.2.jar;C:\Users\salah\.m2\repository\com\sun\istack\istack-commons-runtime\4.1.1\istack-commons-runtime-4.1.1.jar;C:\Users\salah\.m2\repository\
Launcher Type: SUN_STANDARD

[Global flags]

[error occurred during error reporting (printing flags), id 0xe0000001, Out of Memory Error (e:\jenkins\tmp\workspace\build\src\src\hotspot\share\memory\allocation.cpp:44)]

Logging:
Log output configuration:
 #0: stdout all=warning uptime,level,tags
 #1: stderr all=off uptime,level,tags

Environment Variables:
PATH=D:/sts-4.13.0.RELEASE//plugins/org.eclipse.justj.openjdk.hotspot.jre.full.win32.x86_64_17.0.1.v20211116-1657/jre/bin/server;D:/sts-4.13.0.RELEASE//plugins/org.eclipse.justj.openjdk.hotspot.jre.full.win32.x86_64_17.0.1.v20211116-1657/jre/bin;C:\Program Files (x86)\Common Files\Oracle\Java\javapath;C:\Python311\Scripts\;C:\Python311\;C:\Program Files\Common Files\Oracle\Java\javapath;C:\WINDOWS\system32;C:\WINDOWS;C:\WINDOWS\System32\Wbem;C:\WINDOWS\System32\WindowsPowerShell\v1.0\;C:\WINDOWS\System32\OpenSSH\;C:\Program Files\nodejs\;C:\ProgramData\chocolatey\bin;C:\Program Files\Git\cmd;C:\Program Files\MySQL\MySQL Server 8.0\bin;C:\Users\salah\AppData\Local\Microsoft\WindowsApps;C:\Users\salah\AppData\Roaming\npm;C:\Users\salah\AppData\Local\Programs\Microsoft VS Code\bin;D:\sts-4.13.0.RELEASE;
USERNAME=salah
OS=Windows_NT
PROCESSOR_IDENTIFIER=Intel64 Family 6 Model 142 Stepping 12, GenuineIntel



---------------  S Y S T E M  ---------------

OS:
 Windows 10 , 64 bit Build 19041 (10.0.19041.3031)
OS uptime: 2 days 20:58 hours

CPU: total 8 (initial active 8) (4 cores per cpu, 2 threads per core) family 6 model 142 stepping 12 microcode 0xea, cx8, cmov, fxsr, ht, mmx, 3dnowpref, sse, sse2, sse3, ssse3, sse4.1, sse4.2, popcnt, lzcnt, tsc, tscinvbit, avx, avx2, aes, erms, clmul, bmi1, bmi2, adx, fma, vzeroupper, clflush, clflushopt

Memory: 4k page, system-wide physical 8078M (1053M free)
TotalPageFile size 10126M (AvailPageFile size 5M)
current process WorkingSet (physical memory assigned to process): 65M, peak: 65M
current process commit charge ("private bytes"): 218M, peak: 218M

vm_info: OpenJDK 64-Bit Server VM (17.0.1+12) for windows-amd64 JRE (17.0.1+12), built on Oct 20 2021 07:42:55 by "" with MS VC++ 16.7 (VS2019)

END.
